#
# There is insufficient memory for the Java Runtime Environment to continue.
# Native memory allocation (mmap) failed to map 264241152 bytes for G1 virtual space
# Possible reasons:
#   The system is out of physical RAM or swap space
#   The process is running with CompressedOops enabled, and the Java Heap may be blocking the growth of the native heap
# Possible solutions:
#   Reduce memory load on the system
#   Increase physical memory or swap space
#   Check if swap backing store is full
#   Decrease Java heap size (-Xmx/-Xms)
#   Decrease number of Java threads
#   Decrease Java thread stack sizes (-Xss)
#   Set larger code cache with -XX:ReservedCodeCacheSize=
#   JVM is running with Zero Based Compressed Oops mode in which the Java heap is
#     placed in the first 32GB address space. The Java Heap base address is the
#     maximum limit for the native heap growth. Please use -XX:HeapBaseMinAddress
#     to set the Java Heap base and to place the Java Heap above 32GB virtual address.
# This output file may be truncated or incomplete.
#
#  Out of Memory Error (os_windows.cpp:3825), pid=16872, tid=6840
#
# JRE version:  (17.0.10+1) (build )
# Java VM: OpenJDK 64-Bit Server VM (17.0.10+1-b1207.14, mixed mode, sharing, tiered, compressed oops, compressed class ptrs, g1 gc, windows-amd64)
# No core dump will be written. Minidumps are not enabled by default on client versions of Windows
#

---------------  S U M M A R Y ------------

Command Line: git4idea.http.GitAskPassApp Username for 'https://github.com': 

Host: 11th Gen Intel(R) Core(TM) i5-1135G7 @ 2.40GHz, 8 cores, 15G,  Windows 11 , 64 bit Build 22621 (10.0.22621.3374)
Time: Wed May 29 23:17:17 2024 SE Asia Standard Time elapsed time: 0.012207 seconds (0d 0h 0m 0s)

---------------  T H R E A D  ---------------

Current thread (0x0000019d516274e0):  JavaThread "Unknown thread" [_thread_in_vm, id=6840, stack(0x0000000100600000,0x0000000100700000)]

Stack: [0x0000000100600000,0x0000000100700000]
Native frames: (J=compiled Java code, j=interpreted, Vv=VM code, C=native code)
V  [jvm.dll+0x687989]
V  [jvm.dll+0x84116a]
V  [jvm.dll+0x842dae]
V  [jvm.dll+0x843413]
V  [jvm.dll+0x249ccf]
V  [jvm.dll+0x684759]
V  [jvm.dll+0x67900a]
V  [jvm.dll+0x30ab0b]
V  [jvm.dll+0x311fb6]
V  [jvm.dll+0x361d5e]
V  [jvm.dll+0x361f8f]
V  [jvm.dll+0x2e07f8]
V  [jvm.dll+0x2e1764]
V  [jvm.dll+0x811c31]
V  [jvm.dll+0x36fc11]
V  [jvm.dll+0x7f0666]
V  [jvm.dll+0x3f3daf]
V  [jvm.dll+0x3f5a41]
C  [jli.dll+0x528f]
C  [ucrtbase.dll+0x29333]
C  [KERNEL32.DLL+0x1257d]
C  [ntdll.dll+0x5aa48]


---------------  P R O C E S S  ---------------

Threads class SMR info:
_java_thread_list=0x00007ffeccf2df58, length=0, elements={
}

Java Threads: ( => current thread )

Other Threads:
  0x0000019d51694580 GCTaskThread "GC Thread#0" [stack: 0x0000000100700000,0x0000000100800000] [id=5692]
  0x0000019d516a50a0 ConcurrentGCThread "G1 Main Marker" [stack: 0x0000000100800000,0x0000000100900000] [id=10864]
  0x0000019d516a6ad0 ConcurrentGCThread "G1 Conc#0" [stack: 0x0000000100900000,0x0000000100a00000] [id=14636]

[error occurred during error reporting (printing all threads), id 0xc0000005, EXCEPTION_ACCESS_VIOLATION (0xc0000005) at pc=0x00007ffecc6e13c7]

VM state: not at safepoint (not fully initialized)

VM Mutex/Monitor currently owned by a thread:  ([mutex/lock_event])
[0x0000019d51623570] Heap_lock - owner thread: 0x0000019d516274e0

Heap address: 0x0000000704200000, size: 4030 MB, Compressed Oops mode: Zero based, Oop shift amount: 3

CDS archive(s) mapped at: [0x0000000000000000-0x0000000000000000-0x0000000000000000), size 0, SharedBaseAddress: 0x0000000800000000, ArchiveRelocationMode: 1.
Narrow klass base: 0x0000000000000000, Narrow klass shift: 0, Narrow klass range: 0x0

GC Precious Log:
<Empty>

Heap:
 garbage-first heap   total 0K, used 0K [0x0000000704200000, 0x0000000800000000)
  region size 2048K, 0 young (0K), 0 survivors (0K)
 Metaspace       used 0K, committed 0K, reserved 0K
  class space    used 0K, committed 0K, reserved 0K

Heap Regions: E=young(eden), S=young(survivor), O=old, HS=humongous(starts), HC=humongous(continues), CS=collection set, F=free, OA=open archive, CA=closed archive, TAMS=top-at-mark-start (previous, next)

Card table byte_map: [0x0000019d648a0000,0x0000019d65080000] _byte_map_base: 0x0000019d6107f000

Marking Bits (Prev, Next): (CMBitMap*) 0x0000019d51694ba0, (CMBitMap*) 0x0000019d51694be0
 Prev Bits: [0x0000019d65860000, 0x0000019d69758000)
 Next Bits: [0x0000019d69760000, 0x0000019d6d658000)

GC Heap History (0 events):
No events

Dll operation events (1 events):
Event: 0.006 Loaded shared library D:\IntelliJ IDEA Ultimate\jbr\bin\java.dll

Deoptimization events (0 events):
No events

Classes unloaded (0 events):
No events

Classes redefined (0 events):
No events

Internal exceptions (0 events):
No events

VM Operations (0 events):
No events

Events (0 events):
No events


Dynamic libraries:
0x00007ff77e950000 - 0x00007ff77e95a000 	D:\IntelliJ IDEA Ultimate\jbr\bin\java.exe
0x00007fff2ac70000 - 0x00007fff2ae86000 	C:\WINDOWS\SYSTEM32\ntdll.dll
0x00007fff28b70000 - 0x00007fff28c34000 	C:\WINDOWS\System32\KERNEL32.DLL
0x00007fff28210000 - 0x00007fff285b7000 	C:\WINDOWS\System32\KERNELBASE.dll
0x00007fff285c0000 - 0x00007fff286d1000 	C:\WINDOWS\System32\ucrtbase.dll
0x00007fff031a0000 - 0x00007fff031b7000 	D:\IntelliJ IDEA Ultimate\jbr\bin\jli.dll
0x00007fff015e0000 - 0x00007fff015fb000 	D:\IntelliJ IDEA Ultimate\jbr\bin\VCRUNTIME140.dll
0x00007fff2a630000 - 0x00007fff2a7de000 	C:\WINDOWS\System32\USER32.dll
0x00007fff0cc60000 - 0x00007fff0cef3000 	C:\WINDOWS\WinSxS\amd64_microsoft.windows.common-controls_6595b64144ccf1df_6.0.22621.3235_none_270f74e173860f98\COMCTL32.dll
0x00007fff28170000 - 0x00007fff28196000 	C:\WINDOWS\System32\win32u.dll
0x00007fff2ab80000 - 0x00007fff2ac27000 	C:\WINDOWS\System32\msvcrt.dll
0x00007fff29be0000 - 0x00007fff29c09000 	C:\WINDOWS\System32\GDI32.dll
0x00007fff27f90000 - 0x00007fff280a9000 	C:\WINDOWS\System32\gdi32full.dll
0x00007fff28790000 - 0x00007fff2882a000 	C:\WINDOWS\System32\msvcp_win.dll
0x00007fff29710000 - 0x00007fff29741000 	C:\WINDOWS\System32\IMM32.DLL
0x00007fff08240000 - 0x00007fff0824c000 	D:\IntelliJ IDEA Ultimate\jbr\bin\vcruntime140_1.dll
0x00007ffee19c0000 - 0x00007ffee1a4d000 	D:\IntelliJ IDEA Ultimate\jbr\bin\msvcp140.dll
0x00007ffecc3f0000 - 0x00007ffecd072000 	D:\IntelliJ IDEA Ultimate\jbr\bin\server\jvm.dll
0x00007fff2a570000 - 0x00007fff2a622000 	C:\WINDOWS\System32\ADVAPI32.dll
0x00007fff2a840000 - 0x00007fff2a8e8000 	C:\WINDOWS\System32\sechost.dll
0x00007fff286e0000 - 0x00007fff28708000 	C:\WINDOWS\System32\bcrypt.dll
0x00007fff2a3c0000 - 0x00007fff2a4d5000 	C:\WINDOWS\System32\RPCRT4.dll
0x00007fff27e60000 - 0x00007fff27ead000 	C:\WINDOWS\SYSTEM32\POWRPROF.dll
0x00007fff000b0000 - 0x00007fff000b9000 	C:\WINDOWS\SYSTEM32\WSOCK32.dll
0x00007fff2aaf0000 - 0x00007fff2ab61000 	C:\WINDOWS\System32\WS2_32.dll
0x00007fff1c7e0000 - 0x00007fff1c814000 	C:\WINDOWS\SYSTEM32\WINMM.dll
0x00007fff1b890000 - 0x00007fff1b89a000 	C:\WINDOWS\SYSTEM32\VERSION.dll
0x00007fff27e40000 - 0x00007fff27e53000 	C:\WINDOWS\SYSTEM32\UMPDC.dll
0x00007fff26f30000 - 0x00007fff26f48000 	C:\WINDOWS\SYSTEM32\kernel.appcore.dll
0x00007fff24bb0000 - 0x00007fff24bba000 	D:\IntelliJ IDEA Ultimate\jbr\bin\jimage.dll
0x00007fff255f0000 - 0x00007fff25823000 	C:\WINDOWS\SYSTEM32\DBGHELP.DLL
0x00007fff29750000 - 0x00007fff29ad8000 	C:\WINDOWS\System32\combase.dll
0x00007fff29e60000 - 0x00007fff29f37000 	C:\WINDOWS\System32\OLEAUT32.dll
0x00007fff15c00000 - 0x00007fff15c32000 	C:\WINDOWS\SYSTEM32\dbgcore.DLL
0x00007fff28710000 - 0x00007fff28789000 	C:\WINDOWS\System32\bcryptPrimitives.dll
0x00007fff15c90000 - 0x00007fff15cb5000 	D:\IntelliJ IDEA Ultimate\jbr\bin\java.dll

dbghelp: loaded successfully - version: 4.0.5 - missing functions: none
symbol engine: initialized successfully - sym options: 0x614 - pdb path: .;D:\IntelliJ IDEA Ultimate\jbr\bin;C:\WINDOWS\SYSTEM32;C:\WINDOWS\WinSxS\amd64_microsoft.windows.common-controls_6595b64144ccf1df_6.0.22621.3235_none_270f74e173860f98;D:\IntelliJ IDEA Ultimate\jbr\bin\server

VM Arguments:
java_command: git4idea.http.GitAskPassApp Username for 'https://github.com': 
java_class_path (initial): D:/IntelliJ IDEA Ultimate/plugins/vcs-git/lib/git4idea-rt.jar;D:/IntelliJ IDEA Ultimate/lib/externalProcess-rt.jar
Launcher Type: SUN_STANDARD

[Global flags]
     intx CICompilerCount                          = 4                                         {product} {ergonomic}
     uint ConcGCThreads                            = 2                                         {product} {ergonomic}
     uint G1ConcRefinementThreads                  = 8                                         {product} {ergonomic}
   size_t G1HeapRegionSize                         = 2097152                                   {product} {ergonomic}
    uintx GCDrainStackTargetSize                   = 64                                        {product} {ergonomic}
   size_t InitialHeapSize                          = 264241152                                 {product} {ergonomic}
   size_t MarkStackSize                            = 4194304                                   {product} {ergonomic}
   size_t MaxHeapSize                              = 4225761280                                {product} {ergonomic}
   size_t MinHeapDeltaBytes                        = 2097152                                   {product} {ergonomic}
   size_t MinHeapSize                              = 8388608                                   {product} {ergonomic}
    uintx NonNMethodCodeHeapSize                   = 5839372                                {pd product} {ergonomic}
    uintx NonProfiledCodeHeapSize                  = 122909434                              {pd product} {ergonomic}
    uintx ProfiledCodeHeapSize                     = 122909434                              {pd product} {ergonomic}
    uintx ReservedCodeCacheSize                    = 251658240                              {pd product} {ergonomic}
     bool SegmentedCodeCache                       = true                                      {product} {ergonomic}
   size_t SoftMaxHeapSize                          = 4225761280                             {manageable} {ergonomic}
     bool UseCompressedClassPointers               = true                           {product lp64_product} {ergonomic}
     bool UseCompressedOops                        = true                           {product lp64_product} {ergonomic}
     bool UseG1GC                                  = true                                      {product} {ergonomic}
     bool UseLargePagesIndividualAllocation        = false                                  {pd product} {ergonomic}

Logging:
Log output configuration:
 #0: stdout all=warning uptime,level,tags
 #1: stderr all=off uptime,level,tags

Environment Variables:
JAVA_HOME=C:\Program Files\Java\jdk-21
PATH=D:\Git\mingw64\libexec\git-core;D:\Git\mingw64\libexec\git-core;D:\Git\mingw64\bin;D:\Git\usr\bin;C:\Users\Home\bin;C:\Python312\Scripts;C:\Python312;C:\Program Files\Common Files\Oracle\Java\javapath;C:\Program Files (x86)\Common Files\Oracle\Java\javapath;C:\WINDOWS\system32;C:\WINDOWS;C:\WINDOWS\System32\Wbem;C:\WINDOWS\System32\WindowsPowerShell\v1.0;C:\WINDOWS\System32\OpenSSH;C:\Program Files\dotnet;C:\TDM-GCC-64\bin;C:\windows\system32;C:\Program Files (x86)\dotnet;D:\PyCharm Community Edition 2021.3.2\jbr\bin;C:\Program Files\Java\jdk-11.0.16;C:\Program Files\Microsoft SQL Server\Client SDK\ODBC\170\Tools\Binn;C:\Program Files (x86)\Microsoft SQL Server\150\Tools\Binn;C:\Program Files\Microsoft SQL Server\150\Tools\Binn;C:\Program Files\Microsoft SQL Server\150\DTS\Binn;C:\Program Files\nodejs;C:\ProgramData\chocolatey\bin;D:\Git\cmd;C:\Program Files\Docker\Docker\resources\bin;C:\Program Files\Java\jdk-11.0.16;C:\Users\Home\AppData\Local\Programs\Python\Python310\Scripts;C:\Users\Home\AppData\Local\Programs\Python\Python310;D:\PyCharm Community Edition 2021.3.2\jbr\bin;C:\Users\Home\AppData\Local\Programs\Microsoft VS Code\bin;C:\Program Files\Azure Data Studio\bin;C:\Users\Home\AppData\Local\GitHubDesktop\bin;C:\Users\Home\AppData\Local\JetBrains\Toolbox\scripts;C:\Users\Home\AppData\Local\Coursier\data\bin;C:\Users\Home\AppData\Local\Microsoft\WindowsApps;C:\Users\Home\AppData\Roaming\npm
USERNAME=Home
DISPLAY=:0.0
LC_ALL=en_US.UTF-8
TERM=xterm-256color
TMPDIR=C:\Users\Home\AppData\Local\Temp
OS=Windows_NT
PROCESSOR_IDENTIFIER=Intel64 Family 6 Model 140 Stepping 1, GenuineIntel
TMP=C:\Users\Home\AppData\Local\Temp
TEMP=C:\Users\Home\AppData\Local\Temp



Periodic native trim disabled

JNI global refs:
JNI global refs: 0, weak refs: 0

JNI global refs memory usage: 0, weak refs: 0

OOME stack traces (most recent first):
Classloader memory used:


---------------  S Y S T E M  ---------------

OS:
 Windows 11 , 64 bit Build 22621 (10.0.22621.3374)
OS uptime: 0 days 13:29 hours
Hyper-V role detected

CPU: total 8 (initial active 8) (4 cores per cpu, 2 threads per core) family 6 model 140 stepping 1 microcode 0xb4, cx8, cmov, fxsr, ht, mmx, 3dnowpref, sse, sse2, sse3, ssse3, sse4.1, sse4.2, popcnt, lzcnt, tsc, tscinvbit, avx, avx2, aes, erms, clmul, bmi1, bmi2, adx, avx512f, avx512dq, avx512cd, avx512bw, avx512vl, sha, fma, vzeroupper, avx512_vpopcntdq, avx512_vpclmulqdq, avx512_vaes, avx512_vnni, clflush, clflushopt, clwb, avx512_vbmi2, avx512_vbmi, hv
Processor Information for processor 0
  Max Mhz: 1382, Current Mhz: 987, Mhz Limit: 1382
Processor Information for processor 1
  Max Mhz: 1382, Current Mhz: 987, Mhz Limit: 1382
Processor Information for processor 2
  Max Mhz: 1382, Current Mhz: 987, Mhz Limit: 1382
Processor Information for processor 3
  Max Mhz: 1382, Current Mhz: 987, Mhz Limit: 1382
Processor Information for processor 4
  Max Mhz: 1382, Current Mhz: 1382, Mhz Limit: 1382
Processor Information for processor 5
  Max Mhz: 1382, Current Mhz: 987, Mhz Limit: 1382
Processor Information for processor 6
  Max Mhz: 1382, Current Mhz: 987, Mhz Limit: 1382
Processor Information for processor 7
  Max Mhz: 1382, Current Mhz: 987, Mhz Limit: 1382

Memory: 4k page, system-wide physical 16118M (1330M free)
TotalPageFile size 20214M (AvailPageFile size 199M)
current process WorkingSet (physical memory assigned to process): 11M, peak: 11M
current process commit charge ("private bytes"): 60M, peak: 312M

vm_info: OpenJDK 64-Bit Server VM (17.0.10+1-b1207.14) for windows-amd64 JRE (17.0.10+1-b1207.14), built on 2024-04-05 by "builduser" with MS VC++ 16.10 / 16.11 (VS2019)

END.
